app/build/intermediates/manifest_merge_blame_file/debug/manifest-merger-blame-debug-report.txt
1<?xml version="1.0" encoding="utf-8"?>
2<manifest xmlns:android="http://schemas.android.com/apk/res/android"
3    package="marcelin.thierry.chatapp"
4    android:versionCode="1"
5    android:versionName="1.0" >
6
7    <uses-sdk
8        android:minSdkVersion="19"
8-->src\main\AndroidManifest.xml
9        android:targetSdkVersion="26" />
9-->src\main\AndroidManifest.xml
10
11    <uses-permission android:name="android.permission.DISABLE_KEYGUARD" />
11-->src\main\AndroidManifest.xml:7:5-75
11-->src\main\AndroidManifest.xml:7:22-72
12    <uses-permission android:name="android.permission.READ_EXTERNAL_STORAGE" />
12-->src\main\AndroidManifest.xml:8:5-80
12-->src\main\AndroidManifest.xml:8:22-77
13    <uses-permission android:name="android.permission.READ_PHONE_NUMBERS" />
13-->src\main\AndroidManifest.xml:9:5-77
13-->src\main\AndroidManifest.xml:9:22-74
14    <uses-permission android:name="android.permission.WRITE_EXTERNAL_STORAGE" />
14-->src\main\AndroidManifest.xml:10:5-81
14-->src\main\AndroidManifest.xml:10:22-78
15    <uses-permission android:name="android.permission.READ_CONTACTS" />
15-->src\main\AndroidManifest.xml:11:5-72
15-->src\main\AndroidManifest.xml:11:22-69
16    <uses-permission android:name="android.permission.RECORD_AUDIO" />
16-->src\main\AndroidManifest.xml:12:5-71
16-->src\main\AndroidManifest.xml:12:22-68
17    <uses-permission android:name="android.permission.ACCESS_NETWORK_STATE" />
17-->src\main\AndroidManifest.xml:13:5-79
17-->src\main\AndroidManifest.xml:13:22-76
18    <uses-permission android:name="android.permission.INTERNET" />
18-->src\main\AndroidManifest.xml:14:5-67
18-->src\main\AndroidManifest.xml:14:22-64
19    <uses-permission android:name="android.permission.ACCESS_NETWORK_STATE" />
19-->src\main\AndroidManifest.xml:13:5-79
19-->src\main\AndroidManifest.xml:13:22-76
20    <uses-permission android:name="android.permission.MODIFY_AUDIO_SETTINGS" />
20-->src\main\AndroidManifest.xml:16:5-80
20-->src\main\AndroidManifest.xml:16:22-77
21    <uses-permission android:name="android.permission.READ_PHONE_STATE" />
21-->src\main\AndroidManifest.xml:17:5-75
21-->src\main\AndroidManifest.xml:17:22-72
22    <uses-permission android:name="android.permission.CAMERA" />
22-->[net.alhazmy13.MediaPicker:libary:2.4.0] AndroidManifest.xml:11:5-65
22-->[net.alhazmy13.MediaPicker:libary:2.4.0] AndroidManifest.xml:11:22-62
23    <uses-permission android:name="android.permission.WAKE_LOCK" /> <!-- Required by older versions of Google Play services to create IID tokens -->
23-->[com.google.firebase:firebase-analytics:11.8.0] AndroidManifest.xml:25:5-68
23-->[com.google.firebase:firebase-analytics:11.8.0] AndroidManifest.xml:25:22-65
24    <uses-permission android:name="com.google.android.c2dm.permission.RECEIVE" />
24-->[com.google.firebase:firebase-iid:11.8.0] AndroidManifest.xml:26:5-82
24-->[com.google.firebase:firebase-iid:11.8.0] AndroidManifest.xml:26:22-79
25
26    <permission
26-->[com.google.firebase:firebase-iid:11.8.0] AndroidManifest.xml:28:5-30:47
27        android:name="marcelin.thierry.chatapp.permission.C2D_MESSAGE"
27-->[com.google.firebase:firebase-iid:11.8.0] AndroidManifest.xml:29:9-63
28        android:protectionLevel="signature" />
28-->[com.google.firebase:firebase-iid:11.8.0] AndroidManifest.xml:30:9-44
29
30    <uses-permission android:name="marcelin.thierry.chatapp.permission.C2D_MESSAGE" />
30-->[com.google.firebase:firebase-iid:11.8.0] AndroidManifest.xml:32:5-79
30-->[com.google.firebase:firebase-iid:11.8.0] AndroidManifest.xml:32:22-76
31
32    <application
32-->src\main\AndroidManifest.xml:20:5-248:19
33        android:name="marcelin.thierry.chatapp.classes.ChatApp"
33-->src\main\AndroidManifest.xml:21:9-40
34        android:allowBackup="true"
34-->src\main\AndroidManifest.xml:22:9-35
35        android:appComponentFactory="androidx.core.app.CoreComponentFactory"
35-->[androidx.core:core:1.1.0] AndroidManifest.xml:24:18-86
36        android:debuggable="true"
37        android:icon="@mipmap/ic_app_launcher"
37-->src\main\AndroidManifest.xml:23:9-47
38        android:label="@string/app_name"
38-->src\main\AndroidManifest.xml:24:9-41
39        android:largeHeap="true"
39-->src\main\AndroidManifest.xml:25:9-33
40        android:roundIcon="@mipmap/ic_launcher_round"
40-->src\main\AndroidManifest.xml:26:9-54
41        android:supportsRtl="true"
41-->src\main\AndroidManifest.xml:27:9-35
42        android:theme="@style/AppTheme" >
42-->src\main\AndroidManifest.xml:28:9-40
43        <activity android:name="marcelin.thierry.chatapp.activities.PrivacyActivity" />
43-->src\main\AndroidManifest.xml:29:9-64
43-->src\main\AndroidManifest.xml:29:19-61
44        <activity android:name="marcelin.thierry.chatapp.activities.videotrimming.VideoTrimmerActivity" />
44-->src\main\AndroidManifest.xml:30:9-83
44-->src\main\AndroidManifest.xml:30:19-80
45        <activity
45-->src\main\AndroidManifest.xml:31:9-33:52
46            android:name="marcelin.thierry.chatapp.activities.SendContactActivity"
46-->src\main\AndroidManifest.xml:32:13-59
47            android:screenOrientation="portrait" />
47-->src\main\AndroidManifest.xml:33:13-49
48        <activity
48-->src\main\AndroidManifest.xml:34:9-36:52
49            android:name="marcelin.thierry.chatapp.activities.StatsActivity"
49-->src\main\AndroidManifest.xml:35:13-53
50            android:screenOrientation="portrait" />
50-->src\main\AndroidManifest.xml:36:13-49
51        <activity
51-->src\main\AndroidManifest.xml:37:9-39:52
52            android:name="marcelin.thierry.chatapp.activities.AddTextActivity"
52-->src\main\AndroidManifest.xml:38:13-55
53            android:screenOrientation="portrait" />
53-->src\main\AndroidManifest.xml:39:13-49
54        <activity
54-->src\main\AndroidManifest.xml:40:9-42:52
55            android:name="marcelin.thierry.chatapp.activities.UnwantedActivity"
55-->src\main\AndroidManifest.xml:41:13-56
56            android:screenOrientation="portrait" />
56-->src\main\AndroidManifest.xml:42:13-49
57        <activity
57-->src\main\AndroidManifest.xml:44:9-47:52
58            android:name="marcelin.thierry.chatapp.activities.MoodActivity"
58-->src\main\AndroidManifest.xml:45:13-52
59            android:parentActivityName="marcelin.thierry.chatapp.activities.MainActivity"
59-->src\main\AndroidManifest.xml:46:13-66
60            android:screenOrientation="portrait" />
60-->src\main\AndroidManifest.xml:47:13-49
61        <activity android:name="marcelin.thierry.chatapp.activities.VideoCallActivity" />
61-->src\main\AndroidManifest.xml:49:9-66
61-->src\main\AndroidManifest.xml:49:19-63
62        <activity android:name="marcelin.thierry.chatapp.activities.ReceiveVideoActivity" />
62-->src\main\AndroidManifest.xml:51:9-69
62-->src\main\AndroidManifest.xml:51:19-66
63        <activity android:name="marcelin.thierry.chatapp.activities.ReceiveActivity" />
63-->src\main\AndroidManifest.xml:53:9-64
63-->src\main\AndroidManifest.xml:53:19-61
64        <activity android:name="marcelin.thierry.chatapp.activities.CallScreenActivity" />
64-->src\main\AndroidManifest.xml:55:9-67
64-->src\main\AndroidManifest.xml:55:19-64
65        <activity
65-->src\main\AndroidManifest.xml:57:9-60:52
66            android:name="marcelin.thierry.chatapp.activities.ChannelReconnectActivity"
66-->src\main\AndroidManifest.xml:58:13-64
67            android:parentActivityName="marcelin.thierry.chatapp.activities.MainActivity"
67-->src\main\AndroidManifest.xml:59:13-66
68            android:screenOrientation="portrait" />
68-->src\main\AndroidManifest.xml:60:13-49
69
70        <service
70-->src\main\AndroidManifest.xml:62:9-68:15
71            android:name="marcelin.thierry.chatapp.classes.FirebaseMessagingService"
71-->src\main\AndroidManifest.xml:63:9-57
72            android:stopWithTask="false" >
72-->src\main\AndroidManifest.xml:64:9-37
73            <intent-filter>
73-->src\main\AndroidManifest.xml:65:9-67:25
74                <action android:name="com.google.firebase.MESSAGING_EVENT" />
74-->src\main\AndroidManifest.xml:66:13-74
74-->src\main\AndroidManifest.xml:66:21-71
75            </intent-filter>
76        </service>
77
78        <activity
78-->src\main\AndroidManifest.xml:70:9-73:52
79            android:name="marcelin.thierry.chatapp.activities.MainActivity"
79-->src\main\AndroidManifest.xml:71:13-52
80            android:configChanges="locale"
80-->src\main\AndroidManifest.xml:72:13-43
81            android:screenOrientation="portrait" />
81-->src\main\AndroidManifest.xml:73:13-49
82        <activity
82-->src\main\AndroidManifest.xml:75:9-77:52
83            android:name="marcelin.thierry.chatapp.activities.LoginActivity"
83-->src\main\AndroidManifest.xml:76:13-53
84            android:screenOrientation="portrait" />
84-->src\main\AndroidManifest.xml:77:13-49
85        <activity
85-->src\main\AndroidManifest.xml:79:9-82:52
86            android:name="marcelin.thierry.chatapp.activities.SettingsActivity"
86-->src\main\AndroidManifest.xml:80:13-56
87            android:parentActivityName="marcelin.thierry.chatapp.activities.MainActivity"
87-->src\main\AndroidManifest.xml:81:13-66
88            android:screenOrientation="portrait" />
88-->src\main\AndroidManifest.xml:82:13-49
89        <activity
89-->src\main\AndroidManifest.xml:84:9-87:59
90            android:name="com.theartofdev.edmodo.cropper.CropImageActivity"
90-->src\main\AndroidManifest.xml:85:13-76
91            android:screenOrientation="portrait"
91-->src\main\AndroidManifest.xml:86:13-49
92            android:theme="@style/Base.Theme.AppCompat" />
92-->src\main\AndroidManifest.xml:87:13-56
93        <activity
93-->src\main\AndroidManifest.xml:89:9-92:52
94            android:name="marcelin.thierry.chatapp.activities.ContactsActivity"
94-->src\main\AndroidManifest.xml:90:13-56
95            android:parentActivityName="marcelin.thierry.chatapp.activities.MainActivity"
95-->src\main\AndroidManifest.xml:91:13-66
96            android:screenOrientation="portrait" />
96-->src\main\AndroidManifest.xml:92:13-49
97        <activity
97-->src\main\AndroidManifest.xml:94:9-97:52
98            android:name="marcelin.thierry.chatapp.activities.ProfilePictureActivity"
98-->src\main\AndroidManifest.xml:95:13-62
99            android:parentActivityName="marcelin.thierry.chatapp.activities.ContactsActivity"
99-->src\main\AndroidManifest.xml:96:13-70
100            android:screenOrientation="portrait" />
100-->src\main\AndroidManifest.xml:97:13-49
101        <activity
101-->src\main\AndroidManifest.xml:99:9-104:20
102            android:name="marcelin.thierry.chatapp.activities.ChatActivity"
102-->src\main\AndroidManifest.xml:100:13-52
103            android:parentActivityName="marcelin.thierry.chatapp.activities.MainActivity"
103-->src\main\AndroidManifest.xml:101:13-66
104            android:screenOrientation="portrait" >
104-->src\main\AndroidManifest.xml:102:13-49
105        </activity>
106        <activity
106-->src\main\AndroidManifest.xml:106:9-108:52
107            android:name="marcelin.thierry.chatapp.activities.ForwardListMessageActivity"
107-->src\main\AndroidManifest.xml:107:13-66
108            android:screenOrientation="portrait" />
108-->src\main\AndroidManifest.xml:108:13-49
109        <activity
109-->src\main\AndroidManifest.xml:110:9-113:52
110            android:name="marcelin.thierry.chatapp.activities.FullScreenImageActivity"
110-->src\main\AndroidManifest.xml:111:13-63
111            android:parentActivityName="marcelin.thierry.chatapp.activities.MainActivity"
111-->src\main\AndroidManifest.xml:112:13-66
112            android:screenOrientation="portrait" />
112-->src\main\AndroidManifest.xml:113:13-49
113        <activity
113-->src\main\AndroidManifest.xml:115:9-118:52
114            android:name="marcelin.thierry.chatapp.activities.GroupActivity"
114-->src\main\AndroidManifest.xml:116:13-53
115            android:parentActivityName="marcelin.thierry.chatapp.activities.MainActivity"
115-->src\main\AndroidManifest.xml:117:13-66
116            android:screenOrientation="portrait" />
116-->src\main\AndroidManifest.xml:118:13-49
117        <activity
117-->src\main\AndroidManifest.xml:120:9-123:52
118            android:name="marcelin.thierry.chatapp.activities.GroupCreationActivity"
118-->src\main\AndroidManifest.xml:121:13-61
119            android:parentActivityName="marcelin.thierry.chatapp.activities.MainActivity"
119-->src\main\AndroidManifest.xml:122:13-66
120            android:screenOrientation="portrait" />
120-->src\main\AndroidManifest.xml:123:13-49
121        <activity
121-->src\main\AndroidManifest.xml:125:9-128:52
122            android:name="marcelin.thierry.chatapp.activities.GroupChatActivity"
122-->src\main\AndroidManifest.xml:126:13-57
123            android:parentActivityName="marcelin.thierry.chatapp.activities.MainActivity"
123-->src\main\AndroidManifest.xml:127:13-66
124            android:screenOrientation="portrait" />
124-->src\main\AndroidManifest.xml:128:13-49
125        <activity
125-->src\main\AndroidManifest.xml:130:9-133:52
126            android:name="marcelin.thierry.chatapp.activities.GroupSettings"
126-->src\main\AndroidManifest.xml:131:13-53
127            android:parentActivityName="marcelin.thierry.chatapp.activities.MainActivity"
127-->src\main\AndroidManifest.xml:132:13-66
128            android:screenOrientation="portrait" />
128-->src\main\AndroidManifest.xml:133:13-49
129        <activity
129-->src\main\AndroidManifest.xml:135:9-138:52
130            android:name="marcelin.thierry.chatapp.activities.ChannelActivity"
130-->src\main\AndroidManifest.xml:136:13-55
131            android:parentActivityName="marcelin.thierry.chatapp.activities.MainActivity"
131-->src\main\AndroidManifest.xml:137:13-66
132            android:screenOrientation="portrait" />
132-->src\main\AndroidManifest.xml:138:13-49
133        <activity
133-->src\main\AndroidManifest.xml:140:9-143:52
134            android:name="marcelin.thierry.chatapp.activities.ChannelSettingsActivity"
134-->src\main\AndroidManifest.xml:141:13-63
135            android:parentActivityName="marcelin.thierry.chatapp.activities.MainActivity"
135-->src\main\AndroidManifest.xml:142:13-66
136            android:screenOrientation="portrait" />
136-->src\main\AndroidManifest.xml:143:13-49
137        <activity
137-->src\main\AndroidManifest.xml:145:9-148:52
138            android:name="marcelin.thierry.chatapp.activities.UserSelectionActivity"
138-->src\main\AndroidManifest.xml:146:13-61
139            android:parentActivityName="marcelin.thierry.chatapp.activities.MainActivity"
139-->src\main\AndroidManifest.xml:147:13-66
140            android:screenOrientation="portrait" />
140-->src\main\AndroidManifest.xml:148:13-49
141        <activity
141-->src\main\AndroidManifest.xml:150:9-153:52
142            android:name="marcelin.thierry.chatapp.activities.ChannelAdminChatActivity"
142-->src\main\AndroidManifest.xml:151:13-64
143            android:parentActivityName="marcelin.thierry.chatapp.activities.MainActivity"
143-->src\main\AndroidManifest.xml:152:13-66
144            android:screenOrientation="portrait" />
144-->src\main\AndroidManifest.xml:153:13-49
145        <activity
145-->src\main\AndroidManifest.xml:155:9-158:52
146            android:name="marcelin.thierry.chatapp.activities.OneToOneChatSettings"
146-->src\main\AndroidManifest.xml:156:13-60
147            android:parentActivityName="marcelin.thierry.chatapp.activities.ChatActivity"
147-->src\main\AndroidManifest.xml:157:13-66
148            android:screenOrientation="portrait" />
148-->src\main\AndroidManifest.xml:158:13-49
149        <activity
149-->src\main\AndroidManifest.xml:160:9-163:52
150            android:name="marcelin.thierry.chatapp.activities.ChannelSubscriberActivity"
150-->src\main\AndroidManifest.xml:161:13-65
151            android:parentActivityName="marcelin.thierry.chatapp.activities.MainActivity"
151-->src\main\AndroidManifest.xml:162:13-66
152            android:screenOrientation="portrait" />
152-->src\main\AndroidManifest.xml:163:13-49
153        <activity
153-->src\main\AndroidManifest.xml:165:9-168:52
154            android:name="marcelin.thierry.chatapp.activities.SettingsChannelActivity"
154-->src\main\AndroidManifest.xml:166:13-63
155            android:parentActivityName="marcelin.thierry.chatapp.activities.ChannelAdminChatActivity"
155-->src\main\AndroidManifest.xml:167:13-78
156            android:screenOrientation="portrait" />
156-->src\main\AndroidManifest.xml:168:13-49
157        <activity
157-->src\main\AndroidManifest.xml:170:9-173:52
158            android:name="marcelin.thierry.chatapp.activities.ForwardActivity"
158-->src\main\AndroidManifest.xml:171:13-55
159            android:parentActivityName="marcelin.thierry.chatapp.activities.MainActivity"
159-->src\main\AndroidManifest.xml:172:13-66
160            android:screenOrientation="portrait" />
160-->src\main\AndroidManifest.xml:173:13-49
161        <activity
161-->src\main\AndroidManifest.xml:175:9-178:52
162            android:name="marcelin.thierry.chatapp.activities.GroupForwardActivity"
162-->src\main\AndroidManifest.xml:176:13-60
163            android:parentActivityName="marcelin.thierry.chatapp.activities.MainActivity"
163-->src\main\AndroidManifest.xml:177:13-66
164            android:screenOrientation="portrait" />
164-->src\main\AndroidManifest.xml:178:13-49
165        <activity
165-->src\main\AndroidManifest.xml:180:9-183:52
166            android:name="marcelin.thierry.chatapp.activities.SearchActivity"
166-->src\main\AndroidManifest.xml:181:13-54
167            android:parentActivityName="marcelin.thierry.chatapp.activities.MainActivity"
167-->src\main\AndroidManifest.xml:182:13-66
168            android:screenOrientation="portrait" />
168-->src\main\AndroidManifest.xml:183:13-49
169        <activity
169-->src\main\AndroidManifest.xml:185:9-188:52
170            android:name="marcelin.thierry.chatapp.activities.ForwardMessageActivity"
170-->src\main\AndroidManifest.xml:186:13-62
171            android:parentActivityName="marcelin.thierry.chatapp.activities.MainActivity"
171-->src\main\AndroidManifest.xml:187:13-66
172            android:screenOrientation="portrait" />
172-->src\main\AndroidManifest.xml:188:13-49
173        <activity
173-->src\main\AndroidManifest.xml:190:9-193:52
174            android:name="marcelin.thierry.chatapp.activities.SharedActivity"
174-->src\main\AndroidManifest.xml:191:13-54
175            android:parentActivityName="marcelin.thierry.chatapp.activities.MainActivity"
175-->src\main\AndroidManifest.xml:192:13-66
176            android:screenOrientation="portrait" />
176-->src\main\AndroidManifest.xml:193:13-49
177        <activity
177-->src\main\AndroidManifest.xml:195:9-207:20
178            android:name="marcelin.thierry.chatapp.activities.WelcomeActivity"
178-->src\main\AndroidManifest.xml:196:13-55
179            android:screenOrientation="portrait" >
179-->src\main\AndroidManifest.xml:197:13-49
180            <intent-filter>
180-->src\main\AndroidManifest.xml:199:13-205:29
181                <action android:name="android.intent.action.MAIN" />
181-->src\main\AndroidManifest.xml:201:17-69
181-->src\main\AndroidManifest.xml:201:25-66
182
183                <category android:name="android.intent.category.LAUNCHER" />
183-->src\main\AndroidManifest.xml:203:17-77
183-->src\main\AndroidManifest.xml:203:27-74
184            </intent-filter>
185        </activity>
186        <activity
186-->src\main\AndroidManifest.xml:209:9-211:69
187            android:name="marcelin.thierry.chatapp.activities.SubSettingsActivity"
187-->src\main\AndroidManifest.xml:210:13-59
188            android:parentActivityName="marcelin.thierry.chatapp.activities.MainActivity" />
188-->src\main\AndroidManifest.xml:211:13-66
189        <activity
189-->src\main\AndroidManifest.xml:213:9-215:62
190            android:name="marcelin.thierry.chatapp.activities.VideoPlayerActivity"
190-->src\main\AndroidManifest.xml:214:13-59
191            android:configChanges="orientation|screenSize" />
191-->src\main\AndroidManifest.xml:215:13-59
192        <activity
192-->src\main\AndroidManifest.xml:217:9-220:52
193            android:name="marcelin.thierry.chatapp.activities.GroupSharedActivity"
193-->src\main\AndroidManifest.xml:218:13-59
194            android:parentActivityName="marcelin.thierry.chatapp.activities.MainActivity"
194-->src\main\AndroidManifest.xml:219:13-66
195            android:screenOrientation="portrait" />
195-->src\main\AndroidManifest.xml:220:13-49
196        <activity
196-->src\main\AndroidManifest.xml:222:9-225:52
197            android:name="marcelin.thierry.chatapp.activities.ChannelSharedActivity"
197-->src\main\AndroidManifest.xml:223:13-61
198            android:parentActivityName="marcelin.thierry.chatapp.activities.MainActivity"
198-->src\main\AndroidManifest.xml:224:13-66
199            android:screenOrientation="portrait" />
199-->src\main\AndroidManifest.xml:225:13-49
200        <activity
200-->src\main\AndroidManifest.xml:227:9-230:52
201            android:name="marcelin.thierry.chatapp.activities.BlockedUsersActivity"
201-->src\main\AndroidManifest.xml:228:13-60
202            android:parentActivityName="marcelin.thierry.chatapp.activities.MainActivity"
202-->src\main\AndroidManifest.xml:229:13-66
203            android:screenOrientation="portrait" />
203-->src\main\AndroidManifest.xml:230:13-49
204        <activity
204-->src\main\AndroidManifest.xml:232:9-235:52
205            android:name="marcelin.thierry.chatapp.activities.SubscriptionActivity"
205-->src\main\AndroidManifest.xml:233:13-60
206            android:parentActivityName="marcelin.thierry.chatapp.activities.MainActivity"
206-->src\main\AndroidManifest.xml:234:13-66
207            android:screenOrientation="portrait" />
207-->src\main\AndroidManifest.xml:235:13-49
208        <activity android:name="marcelin.thierry.chatapp.activities.LockChannelActivity" />
208-->src\main\AndroidManifest.xml:237:9-68
208-->src\main\AndroidManifest.xml:237:19-65
209        <activity
209-->src\main\AndroidManifest.xml:239:9-242:59
210            android:name="marcelin.thierry.chatapp.activities.EditImageActivity"
210-->src\main\AndroidManifest.xml:240:13-57
211            android:screenOrientation="portrait"
211-->src\main\AndroidManifest.xml:241:13-49
212            android:theme="@style/AppTheme.NoActionBar" />
212-->src\main\AndroidManifest.xml:242:13-56
213
214        <meta-data
214-->src\main\AndroidManifest.xml:244:9-246:57
215            android:name="preloaded_fonts"
215-->src\main\AndroidManifest.xml:245:13-43
216            android:resource="@array/preloaded_fonts" />
216-->src\main\AndroidManifest.xml:246:13-54
217
218        <activity
218-->[net.alhazmy13.MediaPicker:libary:2.4.0] AndroidManifest.xml:15:9-18:66
219            android:name="net.alhazmy13.mediapicker.Image.ImageActivity"
219-->[net.alhazmy13.MediaPicker:libary:2.4.0] AndroidManifest.xml:16:13-73
220            android:screenOrientation="portrait"
220-->[net.alhazmy13.MediaPicker:libary:2.4.0] AndroidManifest.xml:17:13-49
221            android:theme="@style/Theme.AppCompat.Translucent" />
221-->[net.alhazmy13.MediaPicker:libary:2.4.0] AndroidManifest.xml:18:13-63
222        <activity
222-->[net.alhazmy13.MediaPicker:libary:2.4.0] AndroidManifest.xml:19:9-22:66
223            android:name="net.alhazmy13.mediapicker.Video.VideoActivity"
223-->[net.alhazmy13.MediaPicker:libary:2.4.0] AndroidManifest.xml:20:13-73
224            android:screenOrientation="portrait"
224-->[net.alhazmy13.MediaPicker:libary:2.4.0] AndroidManifest.xml:21:13-49
225            android:theme="@style/Theme.AppCompat.Translucent" />
225-->[net.alhazmy13.MediaPicker:libary:2.4.0] AndroidManifest.xml:22:13-63
226
227        <provider
227-->[net.alhazmy13.MediaPicker:libary:2.4.0] AndroidManifest.xml:24:9-32:20
228            android:name="androidx.core.content.FileProvider"
228-->[net.alhazmy13.MediaPicker:libary:2.4.0] AndroidManifest.xml:25:13-62
229            android:authorities="marcelin.thierry.chatapp.provider"
229-->[net.alhazmy13.MediaPicker:libary:2.4.0] AndroidManifest.xml:26:13-60
230            android:exported="false"
230-->[net.alhazmy13.MediaPicker:libary:2.4.0] AndroidManifest.xml:27:13-37
231            android:grantUriPermissions="true" >
231-->[net.alhazmy13.MediaPicker:libary:2.4.0] AndroidManifest.xml:28:13-47
232            <meta-data
232-->[net.alhazmy13.MediaPicker:libary:2.4.0] AndroidManifest.xml:29:13-31:58
233                android:name="android.support.FILE_PROVIDER_PATHS"
233-->[net.alhazmy13.MediaPicker:libary:2.4.0] AndroidManifest.xml:30:17-67
234                android:resource="@xml/provider_paths" />
234-->[net.alhazmy13.MediaPicker:libary:2.4.0] AndroidManifest.xml:31:17-55
235        </provider>
236
237        <activity
237-->[com.google.firebase:firebase-auth:11.8.0] AndroidManifest.xml:23:9-29:75
238            android:name="com.google.firebase.auth.internal.FederatedSignInActivity"
238-->[com.google.firebase:firebase-auth:11.8.0] AndroidManifest.xml:24:13-85
239            android:excludeFromRecents="true"
239-->[com.google.firebase:firebase-auth:11.8.0] AndroidManifest.xml:25:13-46
240            android:exported="true"
240-->[com.google.firebase:firebase-auth:11.8.0] AndroidManifest.xml:26:13-36
241            android:launchMode="singleInstance"
241-->[com.google.firebase:firebase-auth:11.8.0] AndroidManifest.xml:27:13-48
242            android:permission="com.google.firebase.auth.api.gms.permission.LAUNCH_FEDERATED_SIGN_IN"
242-->[com.google.firebase:firebase-auth:11.8.0] AndroidManifest.xml:28:13-102
243            android:theme="@android:style/Theme.Translucent.NoTitleBar" />
243-->[com.google.firebase:firebase-auth:11.8.0] AndroidManifest.xml:29:13-72
244        <!--
245             FirebaseMessagingService performs security checks at runtime,
246             no need for explicit permissions despite exported="true"
247        -->
248        <service
248-->[com.google.firebase:firebase-messaging:11.8.0] AndroidManifest.xml:28:9-34:19
249            android:name="com.google.firebase.messaging.FirebaseMessagingService"
249-->[com.google.firebase:firebase-messaging:11.8.0] AndroidManifest.xml:29:13-82
250            android:exported="true" >
250-->[com.google.firebase:firebase-messaging:11.8.0] AndroidManifest.xml:30:13-36
251            <intent-filter android:priority="-500" >
251-->src\main\AndroidManifest.xml:65:9-67:25
252                <action android:name="com.google.firebase.MESSAGING_EVENT" />
252-->src\main\AndroidManifest.xml:66:13-74
252-->src\main\AndroidManifest.xml:66:21-71
253            </intent-filter>
254        </service>
255
256        <activity
256-->[com.google.android.gms:play-services-base:11.8.0] AndroidManifest.xml:23:9-26:75
257            android:name="com.google.android.gms.common.api.GoogleApiActivity"
257-->[com.google.android.gms:play-services-base:11.8.0] AndroidManifest.xml:24:13-79
258            android:exported="false"
258-->[com.google.android.gms:play-services-base:11.8.0] AndroidManifest.xml:25:13-37
259            android:theme="@android:style/Theme.Translucent.NoTitleBar" />
259-->[com.google.android.gms:play-services-base:11.8.0] AndroidManifest.xml:26:13-72
260
261        <receiver
261-->[com.google.firebase:firebase-analytics:11.8.0] AndroidManifest.xml:28:9-32:20
262            android:name="com.google.android.gms.measurement.AppMeasurementReceiver"
262-->[com.google.firebase:firebase-analytics:11.8.0] AndroidManifest.xml:29:13-85
263            android:enabled="true"
263-->[com.google.firebase:firebase-analytics:11.8.0] AndroidManifest.xml:30:13-35
264            android:exported="false" >
264-->[com.google.firebase:firebase-analytics:11.8.0] AndroidManifest.xml:31:13-37
265        </receiver>
266        <receiver
266-->[com.google.firebase:firebase-analytics:11.8.0] AndroidManifest.xml:33:9-41:20
267            android:name="com.google.android.gms.measurement.AppMeasurementInstallReferrerReceiver"
267-->[com.google.firebase:firebase-analytics:11.8.0] AndroidManifest.xml:34:13-100
268            android:enabled="true"
268-->[com.google.firebase:firebase-analytics:11.8.0] AndroidManifest.xml:35:13-35
269            android:exported="true"
269-->[com.google.firebase:firebase-analytics:11.8.0] AndroidManifest.xml:36:13-36
270            android:permission="android.permission.INSTALL_PACKAGES" >
270-->[com.google.firebase:firebase-analytics:11.8.0] AndroidManifest.xml:37:13-69
271            <intent-filter>
271-->[com.google.firebase:firebase-analytics:11.8.0] AndroidManifest.xml:38:13-40:29
272                <action android:name="com.android.vending.INSTALL_REFERRER" />
272-->[com.google.firebase:firebase-analytics:11.8.0] AndroidManifest.xml:39:17-79
272-->[com.google.firebase:firebase-analytics:11.8.0] AndroidManifest.xml:39:25-76
273            </intent-filter>
274        </receiver>
275
276        <service
276-->[com.google.firebase:firebase-analytics:11.8.0] AndroidManifest.xml:43:9-46:40
277            android:name="com.google.android.gms.measurement.AppMeasurementService"
277-->[com.google.firebase:firebase-analytics:11.8.0] AndroidManifest.xml:44:13-84
278            android:enabled="true"
278-->[com.google.firebase:firebase-analytics:11.8.0] AndroidManifest.xml:45:13-35
279            android:exported="false" />
279-->[com.google.firebase:firebase-analytics:11.8.0] AndroidManifest.xml:46:13-37
280        <service
280-->[com.google.firebase:firebase-analytics:11.8.0] AndroidManifest.xml:47:9-51:72
281            android:name="com.google.android.gms.measurement.AppMeasurementJobService"
281-->[com.google.firebase:firebase-analytics:11.8.0] AndroidManifest.xml:48:13-87
282            android:enabled="true"
282-->[com.google.firebase:firebase-analytics:11.8.0] AndroidManifest.xml:49:13-35
283            android:exported="false"
283-->[com.google.firebase:firebase-analytics:11.8.0] AndroidManifest.xml:50:13-37